<?xml version="1.0" encoding="UTF-8"?>
<!-- Generated by org.testng.reporters.JUnitReportReporter -->
<testsuite hostname="DESKTOP-IL6C7HF" failures="0" tests="1" name="com.capstone.tests.ECommerceTest" time="23.464" errors="0" timestamp="2024-01-04T23:49:53 IST" skipped="0">
  <testcase classname="com.capstone.tests.ECommerceTest" name="testECommerceScenario" time="23.464"/>
  <system-out/>
</testsuite> <!-- com.capstone.tests.ECommerceTest -->
